  WinAPI.c
C:\Users\gilya\Downloads\WinAPI\WinAPI\WinAPI\WinAPI.c(79,24): warning C4305: +=: усечение из "double" в "float"
C:\Users\gilya\Downloads\WinAPI\WinAPI\WinAPI\WinAPI.c(80,29): warning C4244: =: преобразование "double" в "float", возможна потеря данных
C:\Users\gilya\Downloads\WinAPI\WinAPI\WinAPI\WinAPI.c(81,29): warning C4244: =: преобразование "double" в "int", возможна потеря данных
C:\Users\gilya\Downloads\WinAPI\WinAPI\WinAPI\WinAPI.c(83,22): warning C4305: +=: усечение из "double" в "float"
C:\Users\gilya\Downloads\WinAPI\WinAPI\WinAPI\WinAPI.c(84,27): warning C4244: =: преобразование "double" в "float", возможна потеря данных
C:\Users\gilya\Downloads\WinAPI\WinAPI\WinAPI\WinAPI.c(85,27): warning C4244: =: преобразование "double" в "int", возможна потеря данных
C:\Users\gilya\Downloads\WinAPI\WinAPI\WinAPI\WinAPI.c(87,22): warning C4305: +=: усечение из "double" в "float"
C:\Users\gilya\Downloads\WinAPI\WinAPI\WinAPI\WinAPI.c(88,27): warning C4244: =: преобразование "double" в "float", возможна потеря данных
C:\Users\gilya\Downloads\WinAPI\WinAPI\WinAPI\WinAPI.c(89,27): warning C4244: =: преобразование "double" в "int", возможна потеря данных
C:\Users\gilya\Downloads\WinAPI\WinAPI\WinAPI\WinAPI.c(110,26): warning C4244: функция: преобразование "float" в "int", возможна потеря данных
C:\Users\gilya\Downloads\WinAPI\WinAPI\WinAPI\WinAPI.c(111,14): warning C4244: функция: преобразование "float" в "int", возможна потеря данных
C:\Users\gilya\Downloads\WinAPI\WinAPI\WinAPI\WinAPI.c(114,24): warning C4244: функция: преобразование "float" в "int", возможна потеря данных
C:\Users\gilya\Downloads\WinAPI\WinAPI\WinAPI\WinAPI.c(115,12): warning C4244: функция: преобразование "float" в "int", возможна потеря данных
C:\Users\gilya\Downloads\WinAPI\WinAPI\WinAPI\WinAPI.c(118,24): warning C4244: функция: преобразование "float" в "int", возможна потеря данных
C:\Users\gilya\Downloads\WinAPI\WinAPI\WinAPI\WinAPI.c(119,12): warning C4244: функция: преобразование "float" в "int", возможна потеря данных
C:\Users\gilya\Downloads\WinAPI\WinAPI\WinAPI\WinAPI.c(153,44): warning C4047: функция: "UINT" отличается по уровням косвенного обращения от "void *"
C:\Users\gilya\Downloads\WinAPI\WinAPI\WinAPI\WinAPI.c(153,44): warning C4024: GetMessageW: различные типы для формального и фактического параметров 3
C:\Users\gilya\Downloads\WinAPI\WinAPI\WinAPI\WinAPI.c(153,50): warning C4047: функция: "UINT" отличается по уровням косвенного обращения от "void *"
C:\Users\gilya\Downloads\WinAPI\WinAPI\WinAPI\WinAPI.c(153,50): warning C4024: GetMessageW: различные типы для формального и фактического параметров 4
WinAPI.obj : error LNK2005: CreateSolar уже определен в Solar.obj
WindowsClass.obj : error LNK2005: NewClass уже определен в WinAPI.obj
C:\Users\gilya\Downloads\WinAPI\WinAPI\x64\Release\WinAPI.exe : fatal error LNK1169: обнаружен многократно определенный символ - один или более
